<?xml version="1.0" encoding="UTF-8"?>
<testsuites errors="1" failures="1"><testsuite name="BackstopJS" tests="51" errors="1" failures="1"><testcase name=" ›› visit-museum-1" classname="document"/><testcase name=" ›› Homepage*" classname="document"/><testcase name=" ›› museum" classname="document"/><testcase name=" ›› getting-here" classname="document"/><testcase name=" ›› visit" classname="document"/><testcase name=" ›› memorial" classname="document"/><testcase name=" ›› hours-operation" classname="document"/><testcase name=" ›› you-arrive" classname="document"/><testcase name=" ›› what-expect-your-museum-visit" classname="document"/><testcase name=" ›› tours" classname="document"/><testcase name=" ›› general" classname="document"/><testcase name=" ›› visit-911-memorial-museum-0" classname="document"/><testcase name=" ›› citypass" classname="document"/><testcase name=" ›› exhibitions" classname="document"/><testcase name=" ›› about-museum" classname="document"/><testcase name=" ›› about-memorial" classname="document"/><testcase name=" ›› interactive-911-timelines" classname="document"/><testcase name=" ›› names-memorial-0" classname="document"/><testcase name=" ›› visitor-rules-and-regulations" classname="document"/><testcase name=" ›› new-view-Cover-Stories" classname="document"/><testcase name=" ›› dashboard" classname="document"/><testcase name=" ›› survivor-tree" classname="document"/><testcase name=" ›› faq-about-911" classname="document"/><testcase name=" ›› reservations-fees" classname="document"/><testcase name=" ›› national-september-11-memorial-museum" classname="document"/><testcase name=" ›› contact-us" classname="document"/><testcase name=" ›› comeback-season-sports-after-911" classname="document"/><testcase name=" ›› interactive-museum-experience" classname="document"/><testcase name=" ›› guide" classname="document"/><testcase name=" ›› explore-memorial" classname="document"/><testcase name=" ›› events" classname="document"/><testcase name=" ›› user" classname="document"/><testcase name=" ›› museum-space" classname="document"/><testcase name=" ›› information-911-family-members" classname="document"/><testcase name=" ›› become-museum-member" classname="document"/><testcase name=" ›› stay-local" classname="document"/><testcase name=" ›› job-opportunities" classname="document"/><testcase name=" ›› world-trade-center-history" classname="document"/><testcase name=" ›› 911-memorial-webcam" classname="document"><error message="Design deviation ›› 911-memorial-webcam (document) component" type="CSS component"/><failure message="Design deviation ›› 911-memorial-webcam (document) component" type="CSS component"/></testcase><testcase name=" ›› 911-family-member-visit-information" classname="document"/><testcase name=" ›› groups-0" classname="document"/><testcase name=" ›› design-overview" classname="document"/><testcase name=" ›› names-memorial" classname="document"/><testcase name=" ›› 911-museum-audio-guide" classname="document"/><testcase name=" ›› visit-911-memorial" classname="document"/><testcase name=" ›› make-monetary-donation-now" classname="document"/><testcase name=" ›› accessibility-information" classname="document"/><testcase name=" ›› %E2%80%98horse-soldier%E2%80%99-statue-dedicated-liberty-park" classname="document"/><testcase name=" ›› board-directors" classname="document"/><testcase name=" ›› plaza-details-0" classname="document"/><testcase name=" ›› 1993-world-trade-center-bombing" classname="document"/></testsuite></testsuites>